-------------------------------------------------------------------------------
Test set: npu.zunsql.codegen.CodeGeneratorTest
-------------------------------------------------------------------------------
Tests run: 7, Failures: 7, Errors: 0, Skipped: 0, Time elapsed: 0.174 sec <<< FAILURE!
testGenerateByteCodeDrop(npu.zunsql.codegen.CodeGeneratorTest)  Time elapsed: 0.14 sec  <<< FAILURE!
java.lang.AssertionError: expected:<[npu.zunsql.ve.Instruction@523884b2, npu.zunsql.ve.Instruction@5b275dab, npu.zunsql.ve.Instruction@61832929, npu.zunsql.ve.Instruction@29774679]> but was:<[npu.zunsql.ve.Instruction@3ffc5af1, npu.zunsql.ve.Instruction@5e5792a0, npu.zunsql.ve.Instruction@26653222, npu.zunsql.ve.Instruction@3532ec19]>
	at org.junit.Assert.fail(Assert.java:88)
	at org.junit.Assert.failNotEquals(Assert.java:834)
	at org.junit.Assert.assertEquals(Assert.java:118)
	at org.junit.Assert.assertEquals(Assert.java:144)
	at npu.zunsql.codegen.CodeGeneratorTest.testGenerateByteCodeDrop(CodeGeneratorTest.java:202)
	at sun.reflect.NativeMethodAccessorImpl.invoke0(Native Method)
	at sun.reflect.NativeMethodAccessorImpl.invoke(NativeMethodAccessorImpl.java:62)
	at sun.reflect.DelegatingMethodAccessorImpl.invoke(DelegatingMethodAccessorImpl.java:43)
	at java.lang.reflect.Method.invoke(Method.java:497)
	at org.junit.runners.model.FrameworkMethod$1.runReflectiveCall(FrameworkMethod.java:50)
	at org.junit.internal.runners.model.ReflectiveCallable.run(ReflectiveCallable.java:12)
	at org.junit.runners.model.FrameworkMethod.invokeExplosively(FrameworkMethod.java:47)
	at org.junit.internal.runners.statements.InvokeMethod.evaluate(InvokeMethod.java:17)
	at org.junit.runners.ParentRunner.runLeaf(ParentRunner.java:325)
	at org.junit.runners.BlockJUnit4ClassRunner.runChild(BlockJUnit4ClassRunner.java:78)
	at org.junit.runners.BlockJUnit4ClassRunner.runChild(BlockJUnit4ClassRunner.java:57)
	at org.junit.runners.ParentRunner$3.run(ParentRunner.java:290)
	at org.junit.runners.ParentRunner$1.schedule(ParentRunner.java:71)
	at org.junit.runners.ParentRunner.runChildren(ParentRunner.java:288)
	at org.junit.runners.ParentRunner.access$000(ParentRunner.java:58)
	at org.junit.runners.ParentRunner$2.evaluate(ParentRunner.java:268)
	at org.junit.runners.ParentRunner.run(ParentRunner.java:363)
	at org.apache.maven.surefire.junit4.JUnit4Provider.execute(JUnit4Provider.java:252)
	at org.apache.maven.surefire.junit4.JUnit4Provider.executeTestSet(JUnit4Provider.java:141)
	at org.apache.maven.surefire.junit4.JUnit4Provider.invoke(JUnit4Provider.java:112)
	at sun.reflect.NativeMethodAccessorImpl.invoke0(Native Method)
	at sun.reflect.NativeMethodAccessorImpl.invoke(NativeMethodAccessorImpl.java:62)
	at sun.reflect.DelegatingMethodAccessorImpl.invoke(DelegatingMethodAccessorImpl.java:43)
	at java.lang.reflect.Method.invoke(Method.java:497)
	at org.apache.maven.surefire.util.ReflectionUtils.invokeMethodWithArray(ReflectionUtils.java:189)
	at org.apache.maven.surefire.booter.ProviderFactory$ProviderProxy.invoke(ProviderFactory.java:165)
	at org.apache.maven.surefire.booter.ProviderFactory.invokeProvider(ProviderFactory.java:85)
	at org.apache.maven.surefire.booter.ForkedBooter.runSuitesInProcess(ForkedBooter.java:115)
	at org.apache.maven.surefire.booter.ForkedBooter.main(ForkedBooter.java:75)

testGenerateByteCodeCreate(npu.zunsql.codegen.CodeGeneratorTest)  Time elapsed: 0.004 sec  <<< FAILURE!
java.lang.AssertionError: expected:<[npu.zunsql.ve.Instruction@27efef64, npu.zunsql.ve.Instruction@6f7fd0e6, npu.zunsql.ve.Instruction@47c62251, npu.zunsql.ve.Instruction@3e6fa38a, npu.zunsql.ve.Instruction@66a3ffec, npu.zunsql.ve.Instruction@77caeb3e, npu.zunsql.ve.Instruction@1e88b3c, npu.zunsql.ve.Instruction@42d80b78, npu.zunsql.ve.Instruction@3bfdc050, npu.zunsql.ve.Instruction@1bce4f0a]> but was:<[npu.zunsql.ve.Instruction@5e3a8624, npu.zunsql.ve.Instruction@5c3bd550, npu.zunsql.ve.Instruction@91161c7, npu.zunsql.ve.Instruction@604ed9f0, npu.zunsql.ve.Instruction@6a4f787b, npu.zunsql.ve.Instruction@685cb137, npu.zunsql.ve.Instruction@6a41eaa2, npu.zunsql.ve.Instruction@7cd62f43, npu.zunsql.ve.Instruction@6d4b1c02, npu.zunsql.ve.Instruction@6093dd95]>
	at org.junit.Assert.fail(Assert.java:88)
	at org.junit.Assert.failNotEquals(Assert.java:834)
	at org.junit.Assert.assertEquals(Assert.java:118)
	at org.junit.Assert.assertEquals(Assert.java:144)
	at npu.zunsql.codegen.CodeGeneratorTest.testGenerateByteCodeCreate(CodeGeneratorTest.java:184)
	at sun.reflect.NativeMethodAccessorImpl.invoke0(Native Method)
	at sun.reflect.NativeMethodAccessorImpl.invoke(NativeMethodAccessorImpl.java:62)
	at sun.reflect.DelegatingMethodAccessorImpl.invoke(DelegatingMethodAccessorImpl.java:43)
	at java.lang.reflect.Method.invoke(Method.java:497)
	at org.junit.runners.model.FrameworkMethod$1.runReflectiveCall(FrameworkMethod.java:50)
	at org.junit.internal.runners.model.ReflectiveCallable.run(ReflectiveCallable.java:12)
	at org.junit.runners.model.FrameworkMethod.invokeExplosively(FrameworkMethod.java:47)
	at org.junit.internal.runners.statements.InvokeMethod.evaluate(InvokeMethod.java:17)
	at org.junit.runners.ParentRunner.runLeaf(ParentRunner.java:325)
	at org.junit.runners.BlockJUnit4ClassRunner.runChild(BlockJUnit4ClassRunner.java:78)
	at org.junit.runners.BlockJUnit4ClassRunner.runChild(BlockJUnit4ClassRunner.java:57)
	at org.junit.runners.ParentRunner$3.run(ParentRunner.java:290)
	at org.junit.runners.ParentRunner$1.schedule(ParentRunner.java:71)
	at org.junit.runners.ParentRunner.runChildren(ParentRunner.java:288)
	at org.junit.runners.ParentRunner.access$000(ParentRunner.java:58)
	at org.junit.runners.ParentRunner$2.evaluate(ParentRunner.java:268)
	at org.junit.runners.ParentRunner.run(ParentRunner.java:363)
	at org.apache.maven.surefire.junit4.JUnit4Provider.execute(JUnit4Provider.java:252)
	at org.apache.maven.surefire.junit4.JUnit4Provider.executeTestSet(JUnit4Provider.java:141)
	at org.apache.maven.surefire.junit4.JUnit4Provider.invoke(JUnit4Provider.java:112)
	at sun.reflect.NativeMethodAccessorImpl.invoke0(Native Method)
	at sun.reflect.NativeMethodAccessorImpl.invoke(NativeMethodAccessorImpl.java:62)
	at sun.reflect.DelegatingMethodAccessorImpl.invoke(DelegatingMethodAccessorImpl.java:43)
	at java.lang.reflect.Method.invoke(Method.java:497)
	at org.apache.maven.surefire.util.ReflectionUtils.invokeMethodWithArray(ReflectionUtils.java:189)
	at org.apache.maven.surefire.booter.ProviderFactory$ProviderProxy.invoke(ProviderFactory.java:165)
	at org.apache.maven.surefire.booter.ProviderFactory.invokeProvider(ProviderFactory.java:85)
	at org.apache.maven.surefire.booter.ForkedBooter.runSuitesInProcess(ForkedBooter.java:115)
	at org.apache.maven.surefire.booter.ForkedBooter.main(ForkedBooter.java:75)

testGenerateByteCodeDelete(npu.zunsql.codegen.CodeGeneratorTest)  Time elapsed: 0.003 sec  <<< FAILURE!
java.lang.AssertionError: expected:<[npu.zunsql.ve.Instruction@39c0f4a, npu.zunsql.ve.Instruction@1794d431, npu.zunsql.ve.Instruction@42e26948, npu.zunsql.ve.Instruction@57baeedf, npu.zunsql.ve.Instruction@343f4d3d, npu.zunsql.ve.Instruction@53b32d7, npu.zunsql.ve.Instruction@5442a311, npu.zunsql.ve.Instruction@548e7350, npu.zunsql.ve.Instruction@1a968a59, npu.zunsql.ve.Instruction@4667ae56, npu.zunsql.ve.Instruction@77cd7a0, npu.zunsql.ve.Instruction@204f30ec, npu.zunsql.ve.Instruction@e25b2fe]> but was:<[npu.zunsql.ve.Instruction@754ba872, npu.zunsql.ve.Instruction@146ba0ac, npu.zunsql.ve.Instruction@4dfa3a9d, npu.zunsql.ve.Instruction@6eebc39e, npu.zunsql.ve.Instruction@464bee09, npu.zunsql.ve.Instruction@f6c48ac, npu.zunsql.ve.Instruction@13deb50e, npu.zunsql.ve.Instruction@239963d8, npu.zunsql.ve.Instruction@3abbfa04, npu.zunsql.ve.Instruction@57fffcd7, npu.zunsql.ve.Instruction@31ef45e3, npu.zunsql.ve.Instruction@598067a5, npu.zunsql.ve.Instruction@3c0ecd4b]>
	at org.junit.Assert.fail(Assert.java:88)
	at org.junit.Assert.failNotEquals(Assert.java:834)
	at org.junit.Assert.assertEquals(Assert.java:118)
	at org.junit.Assert.assertEquals(Assert.java:144)
	at npu.zunsql.codegen.CodeGeneratorTest.testGenerateByteCodeDelete(CodeGeneratorTest.java:117)
	at sun.reflect.NativeMethodAccessorImpl.invoke0(Native Method)
	at sun.reflect.NativeMethodAccessorImpl.invoke(NativeMethodAccessorImpl.java:62)
	at sun.reflect.DelegatingMethodAccessorImpl.invoke(DelegatingMethodAccessorImpl.java:43)
	at java.lang.reflect.Method.invoke(Method.java:497)
	at org.junit.runners.model.FrameworkMethod$1.runReflectiveCall(FrameworkMethod.java:50)
	at org.junit.internal.runners.model.ReflectiveCallable.run(ReflectiveCallable.java:12)
	at org.junit.runners.model.FrameworkMethod.invokeExplosively(FrameworkMethod.java:47)
	at org.junit.internal.runners.statements.InvokeMethod.evaluate(InvokeMethod.java:17)
	at org.junit.runners.ParentRunner.runLeaf(ParentRunner.java:325)
	at org.junit.runners.BlockJUnit4ClassRunner.runChild(BlockJUnit4ClassRunner.java:78)
	at org.junit.runners.BlockJUnit4ClassRunner.runChild(BlockJUnit4ClassRunner.java:57)
	at org.junit.runners.ParentRunner$3.run(ParentRunner.java:290)
	at org.junit.runners.ParentRunner$1.schedule(ParentRunner.java:71)
	at org.junit.runners.ParentRunner.runChildren(ParentRunner.java:288)
	at org.junit.runners.ParentRunner.access$000(ParentRunner.java:58)
	at org.junit.runners.ParentRunner$2.evaluate(ParentRunner.java:268)
	at org.junit.runners.ParentRunner.run(ParentRunner.java:363)
	at org.apache.maven.surefire.junit4.JUnit4Provider.execute(JUnit4Provider.java:252)
	at org.apache.maven.surefire.junit4.JUnit4Provider.executeTestSet(JUnit4Provider.java:141)
	at org.apache.maven.surefire.junit4.JUnit4Provider.invoke(JUnit4Provider.java:112)
	at sun.reflect.NativeMethodAccessorImpl.invoke0(Native Method)
	at sun.reflect.NativeMethodAccessorImpl.invoke(NativeMethodAccessorImpl.java:62)
	at sun.reflect.DelegatingMethodAccessorImpl.invoke(DelegatingMethodAccessorImpl.java:43)
	at java.lang.reflect.Method.invoke(Method.java:497)
	at org.apache.maven.surefire.util.ReflectionUtils.invokeMethodWithArray(ReflectionUtils.java:189)
	at org.apache.maven.surefire.booter.ProviderFactory$ProviderProxy.invoke(ProviderFactory.java:165)
	at org.apache.maven.surefire.booter.ProviderFactory.invokeProvider(ProviderFactory.java:85)
	at org.apache.maven.surefire.booter.ForkedBooter.runSuitesInProcess(ForkedBooter.java:115)
	at org.apache.maven.surefire.booter.ForkedBooter.main(ForkedBooter.java:75)

testGenerateByteCodeInsert(npu.zunsql.codegen.CodeGeneratorTest)  Time elapsed: 0.004 sec  <<< FAILURE!
java.lang.AssertionError: expected:<[npu.zunsql.ve.Instruction@4f7d0008, npu.zunsql.ve.Instruction@271053e1, npu.zunsql.ve.Instruction@589838eb, npu.zunsql.ve.Instruction@42dafa95, npu.zunsql.ve.Instruction@6500df86, npu.zunsql.ve.Instruction@402a079c, npu.zunsql.ve.Instruction@59ec2012, npu.zunsql.ve.Instruction@4cf777e8, npu.zunsql.ve.Instruction@2f686d1f, npu.zunsql.ve.Instruction@3fee9989, npu.zunsql.ve.Instruction@73ad2d6, npu.zunsql.ve.Instruction@7085bdee, npu.zunsql.ve.Instruction@1ce92674, npu.zunsql.ve.Instruction@5700d6b1, npu.zunsql.ve.Instruction@6fd02e5, npu.zunsql.ve.Instruction@5bcab519, npu.zunsql.ve.Instruction@e45f292, npu.zunsql.ve.Instruction@5f2108b5, npu.zunsql.ve.Instruction@31a5c39e, npu.zunsql.ve.Instruction@3f49dace, npu.zunsql.ve.Instruction@1e397ed7]> but was:<[npu.zunsql.ve.Instruction@490ab905, npu.zunsql.ve.Instruction@56ac3a89, npu.zunsql.ve.Instruction@27c20538, npu.zunsql.ve.Instruction@72d818d1, npu.zunsql.ve.Instruction@6e06451e, npu.zunsql.ve.Instruction@59494225, npu.zunsql.ve.Instruction@6e1567f1, npu.zunsql.ve.Instruction@5cb9f472, npu.zunsql.ve.Instruction@cb644e, npu.zunsql.ve.Instruction@13805618, npu.zunsql.ve.Instruction@56ef9176, npu.zunsql.ve.Instruction@4566e5bd, npu.zunsql.ve.Instruction@1ed4004b, npu.zunsql.ve.Instruction@ff5b51f, npu.zunsql.ve.Instruction@25bbe1b6, npu.zunsql.ve.Instruction@5702b3b1, npu.zunsql.ve.Instruction@69ea3742, npu.zunsql.ve.Instruction@4b952a2d, npu.zunsql.ve.Instruction@3159c4b8, npu.zunsql.ve.Instruction@73846619, npu.zunsql.ve.Instruction@4bec1f0c]>
	at org.junit.Assert.fail(Assert.java:88)
	at org.junit.Assert.failNotEquals(Assert.java:834)
	at org.junit.Assert.assertEquals(Assert.java:118)
	at org.junit.Assert.assertEquals(Assert.java:144)
	at npu.zunsql.codegen.CodeGeneratorTest.testGenerateByteCodeInsert(CodeGeneratorTest.java:155)
	at sun.reflect.NativeMethodAccessorImpl.invoke0(Native Method)
	at sun.reflect.NativeMethodAccessorImpl.invoke(NativeMethodAccessorImpl.java:62)
	at sun.reflect.DelegatingMethodAccessorImpl.invoke(DelegatingMethodAccessorImpl.java:43)
	at java.lang.reflect.Method.invoke(Method.java:497)
	at org.junit.runners.model.FrameworkMethod$1.runReflectiveCall(FrameworkMethod.java:50)
	at org.junit.internal.runners.model.ReflectiveCallable.run(ReflectiveCallable.java:12)
	at org.junit.runners.model.FrameworkMethod.invokeExplosively(FrameworkMethod.java:47)
	at org.junit.internal.runners.statements.InvokeMethod.evaluate(InvokeMethod.java:17)
	at org.junit.runners.ParentRunner.runLeaf(ParentRunner.java:325)
	at org.junit.runners.BlockJUnit4ClassRunner.runChild(BlockJUnit4ClassRunner.java:78)
	at org.junit.runners.BlockJUnit4ClassRunner.runChild(BlockJUnit4ClassRunner.java:57)
	at org.junit.runners.ParentRunner$3.run(ParentRunner.java:290)
	at org.junit.runners.ParentRunner$1.schedule(ParentRunner.java:71)
	at org.junit.runners.ParentRunner.runChildren(ParentRunner.java:288)
	at org.junit.runners.ParentRunner.access$000(ParentRunner.java:58)
	at org.junit.runners.ParentRunner$2.evaluate(ParentRunner.java:268)
	at org.junit.runners.ParentRunner.run(ParentRunner.java:363)
	at org.apache.maven.surefire.junit4.JUnit4Provider.execute(JUnit4Provider.java:252)
	at org.apache.maven.surefire.junit4.JUnit4Provider.executeTestSet(JUnit4Provider.java:141)
	at org.apache.maven.surefire.junit4.JUnit4Provider.invoke(JUnit4Provider.java:112)
	at sun.reflect.NativeMethodAccessorImpl.invoke0(Native Method)
	at sun.reflect.NativeMethodAccessorImpl.invoke(NativeMethodAccessorImpl.java:62)
	at sun.reflect.DelegatingMethodAccessorImpl.invoke(DelegatingMethodAccessorImpl.java:43)
	at java.lang.reflect.Method.invoke(Method.java:497)
	at org.apache.maven.surefire.util.ReflectionUtils.invokeMethodWithArray(ReflectionUtils.java:189)
	at org.apache.maven.surefire.booter.ProviderFactory$ProviderProxy.invoke(ProviderFactory.java:165)
	at org.apache.maven.surefire.booter.ProviderFactory.invokeProvider(ProviderFactory.java:85)
	at org.apache.maven.surefire.booter.ForkedBooter.runSuitesInProcess(ForkedBooter.java:115)
	at org.apache.maven.surefire.booter.ForkedBooter.main(ForkedBooter.java:75)

testGenerateByteCodeSelect(npu.zunsql.codegen.CodeGeneratorTest)  Time elapsed: 0.001 sec  <<< FAILURE!
java.lang.AssertionError: expected:<[npu.zunsql.ve.Instruction@5649fd9b, npu.zunsql.ve.Instruction@6adede5, npu.zunsql.ve.Instruction@2d928643, npu.zunsql.ve.Instruction@5025a98f, npu.zunsql.ve.Instruction@49993335, npu.zunsql.ve.Instruction@20322d26, npu.zunsql.ve.Instruction@192b07fd, npu.zunsql.ve.Instruction@64bfbc86, npu.zunsql.ve.Instruction@64bf3bbf, npu.zunsql.ve.Instruction@55d56113, npu.zunsql.ve.Instruction@148080bb, npu.zunsql.ve.Instruction@dc24521, npu.zunsql.ve.Instruction@10bdf5e5, npu.zunsql.ve.Instruction@6e1ec318, npu.zunsql.ve.Instruction@7e0b0338]> but was:<[npu.zunsql.ve.Instruction@617faa95, npu.zunsql.ve.Instruction@1e127982, npu.zunsql.ve.Instruction@60c6f5b, npu.zunsql.ve.Instruction@2038ae61, npu.zunsql.ve.Instruction@3c0f93f1, npu.zunsql.ve.Instruction@31dc339b, npu.zunsql.ve.Instruction@544fe44c, npu.zunsql.ve.Instruction@31610302, npu.zunsql.ve.Instruction@71318ec4, npu.zunsql.ve.Instruction@21213b92, npu.zunsql.ve.Instruction@a67c67e, npu.zunsql.ve.Instruction@3327bd23, npu.zunsql.ve.Instruction@4e1d422d, npu.zunsql.ve.Instruction@66480dd7, npu.zunsql.ve.Instruction@52a86356]>
	at org.junit.Assert.fail(Assert.java:88)
	at org.junit.Assert.failNotEquals(Assert.java:834)
	at org.junit.Assert.assertEquals(Assert.java:118)
	at org.junit.Assert.assertEquals(Assert.java:144)
	at npu.zunsql.codegen.CodeGeneratorTest.testGenerateByteCodeSelect(CodeGeneratorTest.java:69)
	at sun.reflect.NativeMethodAccessorImpl.invoke0(Native Method)
	at sun.reflect.NativeMethodAccessorImpl.invoke(NativeMethodAccessorImpl.java:62)
	at sun.reflect.DelegatingMethodAccessorImpl.invoke(DelegatingMethodAccessorImpl.java:43)
	at java.lang.reflect.Method.invoke(Method.java:497)
	at org.junit.runners.model.FrameworkMethod$1.runReflectiveCall(FrameworkMethod.java:50)
	at org.junit.internal.runners.model.ReflectiveCallable.run(ReflectiveCallable.java:12)
	at org.junit.runners.model.FrameworkMethod.invokeExplosively(FrameworkMethod.java:47)
	at org.junit.internal.runners.statements.InvokeMethod.evaluate(InvokeMethod.java:17)
	at org.junit.runners.ParentRunner.runLeaf(ParentRunner.java:325)
	at org.junit.runners.BlockJUnit4ClassRunner.runChild(BlockJUnit4ClassRunner.java:78)
	at org.junit.runners.BlockJUnit4ClassRunner.runChild(BlockJUnit4ClassRunner.java:57)
	at org.junit.runners.ParentRunner$3.run(ParentRunner.java:290)
	at org.junit.runners.ParentRunner$1.schedule(ParentRunner.java:71)
	at org.junit.runners.ParentRunner.runChildren(ParentRunner.java:288)
	at org.junit.runners.ParentRunner.access$000(ParentRunner.java:58)
	at org.junit.runners.ParentRunner$2.evaluate(ParentRunner.java:268)
	at org.junit.runners.ParentRunner.run(ParentRunner.java:363)
	at org.apache.maven.surefire.junit4.JUnit4Provider.execute(JUnit4Provider.java:252)
	at org.apache.maven.surefire.junit4.JUnit4Provider.executeTestSet(JUnit4Provider.java:141)
	at org.apache.maven.surefire.junit4.JUnit4Provider.invoke(JUnit4Provider.java:112)
	at sun.reflect.NativeMethodAccessorImpl.invoke0(Native Method)
	at sun.reflect.NativeMethodAccessorImpl.invoke(NativeMethodAccessorImpl.java:62)
	at sun.reflect.DelegatingMethodAccessorImpl.invoke(DelegatingMethodAccessorImpl.java:43)
	at java.lang.reflect.Method.invoke(Method.java:497)
	at org.apache.maven.surefire.util.ReflectionUtils.invokeMethodWithArray(ReflectionUtils.java:189)
	at org.apache.maven.surefire.booter.ProviderFactory$ProviderProxy.invoke(ProviderFactory.java:165)
	at org.apache.maven.surefire.booter.ProviderFactory.invokeProvider(ProviderFactory.java:85)
	at org.apache.maven.surefire.booter.ForkedBooter.runSuitesInProcess(ForkedBooter.java:115)
	at org.apache.maven.surefire.booter.ForkedBooter.main(ForkedBooter.java:75)

testGenerateByteCodeUpdate(npu.zunsql.codegen.CodeGeneratorTest)  Time elapsed: 0.001 sec  <<< FAILURE!
java.lang.AssertionError: expected:<[npu.zunsql.ve.Instruction@78c03f1f, npu.zunsql.ve.Instruction@5ec0a365, npu.zunsql.ve.Instruction@4fe3c938, npu.zunsql.ve.Instruction@5383967b, npu.zunsql.ve.Instruction@2ac273d3, npu.zunsql.ve.Instruction@71423665, npu.zunsql.ve.Instruction@20398b7c, npu.zunsql.ve.Instruction@6fc6f14e, npu.zunsql.ve.Instruction@56235b8e, npu.zunsql.ve.Instruction@3632be31, npu.zunsql.ve.Instruction@5abca1e0, npu.zunsql.ve.Instruction@2286778, npu.zunsql.ve.Instruction@4e9ba398, npu.zunsql.ve.Instruction@6d7b4f4c, npu.zunsql.ve.Instruction@527740a2]> but was:<[npu.zunsql.ve.Instruction@13a5fe33, npu.zunsql.ve.Instruction@3108bc, npu.zunsql.ve.Instruction@370736d9, npu.zunsql.ve.Instruction@5f9d02cb, npu.zunsql.ve.Instruction@63753b6d, npu.zunsql.ve.Instruction@6b09bb57, npu.zunsql.ve.Instruction@6536e911, npu.zunsql.ve.Instruction@520a3426, npu.zunsql.ve.Instruction@18eed359, npu.zunsql.ve.Instruction@3e9b1010, npu.zunsql.ve.Instruction@6c3708b3, npu.zunsql.ve.Instruction@6f1fba17, npu.zunsql.ve.Instruction@185d8b6, npu.zunsql.ve.Instruction@67784306, npu.zunsql.ve.Instruction@335eadca]>
	at org.junit.Assert.fail(Assert.java:88)
	at org.junit.Assert.failNotEquals(Assert.java:834)
	at org.junit.Assert.assertEquals(Assert.java:118)
	at org.junit.Assert.assertEquals(Assert.java:144)
	at npu.zunsql.codegen.CodeGeneratorTest.testGenerateByteCodeUpdate(CodeGeneratorTest.java:214)
	at sun.reflect.NativeMethodAccessorImpl.invoke0(Native Method)
	at sun.reflect.NativeMethodAccessorImpl.invoke(NativeMethodAccessorImpl.java:62)
	at sun.reflect.DelegatingMethodAccessorImpl.invoke(DelegatingMethodAccessorImpl.java:43)
	at java.lang.reflect.Method.invoke(Method.java:497)
	at org.junit.runners.model.FrameworkMethod$1.runReflectiveCall(FrameworkMethod.java:50)
	at org.junit.internal.runners.model.ReflectiveCallable.run(ReflectiveCallable.java:12)
	at org.junit.runners.model.FrameworkMethod.invokeExplosively(FrameworkMethod.java:47)
	at org.junit.internal.runners.statements.InvokeMethod.evaluate(InvokeMethod.java:17)
	at org.junit.runners.ParentRunner.runLeaf(ParentRunner.java:325)
	at org.junit.runners.BlockJUnit4ClassRunner.runChild(BlockJUnit4ClassRunner.java:78)
	at org.junit.runners.BlockJUnit4ClassRunner.runChild(BlockJUnit4ClassRunner.java:57)
	at org.junit.runners.ParentRunner$3.run(ParentRunner.java:290)
	at org.junit.runners.ParentRunner$1.schedule(ParentRunner.java:71)
	at org.junit.runners.ParentRunner.runChildren(ParentRunner.java:288)
	at org.junit.runners.ParentRunner.access$000(ParentRunner.java:58)
	at org.junit.runners.ParentRunner$2.evaluate(ParentRunner.java:268)
	at org.junit.runners.ParentRunner.run(ParentRunner.java:363)
	at org.apache.maven.surefire.junit4.JUnit4Provider.execute(JUnit4Provider.java:252)
	at org.apache.maven.surefire.junit4.JUnit4Provider.executeTestSet(JUnit4Provider.java:141)
	at org.apache.maven.surefire.junit4.JUnit4Provider.invoke(JUnit4Provider.java:112)
	at sun.reflect.NativeMethodAccessorImpl.invoke0(Native Method)
	at sun.reflect.NativeMethodAccessorImpl.invoke(NativeMethodAccessorImpl.java:62)
	at sun.reflect.DelegatingMethodAccessorImpl.invoke(DelegatingMethodAccessorImpl.java:43)
	at java.lang.reflect.Method.invoke(Method.java:497)
	at org.apache.maven.surefire.util.ReflectionUtils.invokeMethodWithArray(ReflectionUtils.java:189)
	at org.apache.maven.surefire.booter.ProviderFactory$ProviderProxy.invoke(ProviderFactory.java:165)
	at org.apache.maven.surefire.booter.ProviderFactory.invokeProvider(ProviderFactory.java:85)
	at org.apache.maven.surefire.booter.ForkedBooter.runSuitesInProcess(ForkedBooter.java:115)
	at org.apache.maven.surefire.booter.ForkedBooter.main(ForkedBooter.java:75)

testExpressionToInstructionsInternal(npu.zunsql.codegen.CodeGeneratorTest)  Time elapsed: 0.019 sec  <<< FAILURE!
java.lang.AssertionError: expected:<[npu.zunsql.ve.Instruction@eec5a4a, npu.zunsql.ve.Instruction@2b2948e2, npu.zunsql.ve.Instruction@6ddf90b0, npu.zunsql.ve.Instruction@57536d79, npu.zunsql.ve.Instruction@3b0143d3, npu.zunsql.ve.Instruction@5a8e6209, npu.zunsql.ve.Instruction@4b4523f8]> but was:<[npu.zunsql.ve.Instruction@731a74c, npu.zunsql.ve.Instruction@369f73a2, npu.zunsql.ve.Instruction@1f28c152, npu.zunsql.ve.Instruction@7d907bac, npu.zunsql.ve.Instruction@7791a895, npu.zunsql.ve.Instruction@3a5ed7a6, npu.zunsql.ve.Instruction@6325a3ee]>
	at org.junit.Assert.fail(Assert.java:88)
	at org.junit.Assert.failNotEquals(Assert.java:834)
	at org.junit.Assert.assertEquals(Assert.java:118)
	at org.junit.Assert.assertEquals(Assert.java:144)
	at npu.zunsql.codegen.CodeGeneratorTest.testExpressionToInstructionsInternal(CodeGeneratorTest.java:63)
	at sun.reflect.NativeMethodAccessorImpl.invoke0(Native Method)
	at sun.reflect.NativeMethodAccessorImpl.invoke(NativeMethodAccessorImpl.java:62)
	at sun.reflect.DelegatingMethodAccessorImpl.invoke(DelegatingMethodAccessorImpl.java:43)
	at java.lang.reflect.Method.invoke(Method.java:497)
	at org.junit.runners.model.FrameworkMethod$1.runReflectiveCall(FrameworkMethod.java:50)
	at org.junit.internal.runners.model.ReflectiveCallable.run(ReflectiveCallable.java:12)
	at org.junit.runners.model.FrameworkMethod.invokeExplosively(FrameworkMethod.java:47)
	at org.junit.internal.runners.statements.InvokeMethod.evaluate(InvokeMethod.java:17)
	at org.junit.runners.ParentRunner.runLeaf(ParentRunner.java:325)
	at org.junit.runners.BlockJUnit4ClassRunner.runChild(BlockJUnit4ClassRunner.java:78)
	at org.junit.runners.BlockJUnit4ClassRunner.runChild(BlockJUnit4ClassRunner.java:57)
	at org.junit.runners.ParentRunner$3.run(ParentRunner.java:290)
	at org.junit.runners.ParentRunner$1.schedule(ParentRunner.java:71)
	at org.junit.runners.ParentRunner.runChildren(ParentRunner.java:288)
	at org.junit.runners.ParentRunner.access$000(ParentRunner.java:58)
	at org.junit.runners.ParentRunner$2.evaluate(ParentRunner.java:268)
	at org.junit.runners.ParentRunner.run(ParentRunner.java:363)
	at org.apache.maven.surefire.junit4.JUnit4Provider.execute(JUnit4Provider.java:252)
	at org.apache.maven.surefire.junit4.JUnit4Provider.executeTestSet(JUnit4Provider.java:141)
	at org.apache.maven.surefire.junit4.JUnit4Provider.invoke(JUnit4Provider.java:112)
	at sun.reflect.NativeMethodAccessorImpl.invoke0(Native Method)
	at sun.reflect.NativeMethodAccessorImpl.invoke(NativeMethodAccessorImpl.java:62)
	at sun.reflect.DelegatingMethodAccessorImpl.invoke(DelegatingMethodAccessorImpl.java:43)
	at java.lang.reflect.Method.invoke(Method.java:497)
	at org.apache.maven.surefire.util.ReflectionUtils.invokeMethodWithArray(ReflectionUtils.java:189)
	at org.apache.maven.surefire.booter.ProviderFactory$ProviderProxy.invoke(ProviderFactory.java:165)
	at org.apache.maven.surefire.booter.ProviderFactory.invokeProvider(ProviderFactory.java:85)
	at org.apache.maven.surefire.booter.ForkedBooter.runSuitesInProcess(ForkedBooter.java:115)
	at org.apache.maven.surefire.booter.ForkedBooter.main(ForkedBooter.java:75)

